0 info it worked if it ends with ok
1 verbose cli [ 'node',
1 verbose cli   '/usr/local/bin/npm',
1 verbose cli   'install',
1 verbose cli   '-g',
1 verbose cli   'https://github.com/driftyco/ng-cordova.git' ]
2 info using npm@1.4.21
3 info using node@v0.10.25
4 verbose node symlink /usr/bin/node
5 verbose cache add [ 'https://github.com/driftyco/ng-cordova.git', null ]
6 verbose cache add name=undefined spec="https://github.com/driftyco/ng-cordova.git" args=["https://github.com/driftyco/ng-cordova.git",null]
7 verbose parsed url { protocol: 'https:',
7 verbose parsed url   slashes: true,
7 verbose parsed url   auth: null,
7 verbose parsed url   host: 'github.com',
7 verbose parsed url   port: null,
7 verbose parsed url   hostname: 'github.com',
7 verbose parsed url   hash: null,
7 verbose parsed url   search: null,
7 verbose parsed url   query: null,
7 verbose parsed url   pathname: '/driftyco/ng-cordova.git',
7 verbose parsed url   path: '/driftyco/ng-cordova.git',
7 verbose parsed url   href: 'https://github.com/driftyco/ng-cordova.git' }
8 silly lockFile 98d8d155-thub-com-driftyco-ng-cordova-git https://github.com/driftyco/ng-cordova.git
9 verbose lock https://github.com/driftyco/ng-cordova.git /home/aalbino/.npm/98d8d155-thub-com-driftyco-ng-cordova-git.lock
10 verbose addRemoteTarball [ 'https://github.com/driftyco/ng-cordova.git', null ]
11 info retry fetch attempt 1 at 13:25:02
12 verbose fetch to= /tmp/npm-9928-H-jSYFM7/github.com/driftyco/ng-cordova.git
13 http GET https://github.com/driftyco/ng-cordova.git
14 http 200 https://github.com/driftyco/ng-cordova.git
15 verbose tar unpack /tmp/npm-9928-H-jSYFM7/github.com/driftyco/ng-cordova.git
16 silly lockFile d5516ac5-m-driftyco-ng-cordova-git-unpack tar:///tmp/npm-9928-H-jSYFM7/github.com/driftyco/ng-cordova.git-unpack
17 verbose lock tar:///tmp/npm-9928-H-jSYFM7/github.com/driftyco/ng-cordova.git-unpack /home/aalbino/.npm/d5516ac5-m-driftyco-ng-cordova-git-unpack.lock
18 silly lockFile c442e605-thub-com-driftyco-ng-cordova-git tar:///tmp/npm-9928-H-jSYFM7/github.com/driftyco/ng-cordova.git
19 verbose lock tar:///tmp/npm-9928-H-jSYFM7/github.com/driftyco/ng-cordova.git /home/aalbino/.npm/c442e605-thub-com-driftyco-ng-cordova-git.lock
20 silly gunzTarPerm modes [ '755', '644' ]
21 error not a package /tmp/npm-9928-H-jSYFM7/github.com/driftyco/ng-cordova.git
22 silly lockFile d5516ac5-m-driftyco-ng-cordova-git-unpack tar:///tmp/npm-9928-H-jSYFM7/github.com/driftyco/ng-cordova.git-unpack
23 silly lockFile d5516ac5-m-driftyco-ng-cordova-git-unpack tar:///tmp/npm-9928-H-jSYFM7/github.com/driftyco/ng-cordova.git-unpack
24 silly lockFile c442e605-thub-com-driftyco-ng-cordova-git tar:///tmp/npm-9928-H-jSYFM7/github.com/driftyco/ng-cordova.git
25 silly lockFile c442e605-thub-com-driftyco-ng-cordova-git tar:///tmp/npm-9928-H-jSYFM7/github.com/driftyco/ng-cordova.git
26 silly lockFile 98d8d155-thub-com-driftyco-ng-cordova-git https://github.com/driftyco/ng-cordova.git
27 silly lockFile 98d8d155-thub-com-driftyco-ng-cordova-git https://github.com/driftyco/ng-cordova.git
28 error Error: ENOENT, open '/tmp/npm-9928-H-jSYFM7/github.com/driftyco/ng-cordova.git-unpack/package.json'
29 error If you need help, you may report this *entire* log,
29 error including the npm and node versions, at:
29 error     <http://github.com/npm/npm/issues>
30 error System Linux 3.13.0-32-generic
31 error command "node" "/usr/local/bin/npm" "install" "-g" "https://github.com/driftyco/ng-cordova.git"
32 error cwd /home/aalbino/Projects/imuduino-btle/Cordova/BluetoothLock
33 error node -v v0.10.25
34 error npm -v 1.4.21
35 error path /tmp/npm-9928-H-jSYFM7/github.com/driftyco/ng-cordova.git-unpack/package.json
36 error code ENOENT
37 error errno 34
38 verbose exit [ 34, true ]
